<?xml version="1.0" encoding="UTF-8"?>
<!-- Generated by org.testng.reporters.JUnitXMLReporter -->
<testsuite ignored="0" hostname="DESKTOP-U8U380T" failures="0" tests="4" name="Default test" time="22.979" errors="0" timestamp="2023-04-06T23:31:48 IST">
  <testcase classname="test_class.Get_tc1" name="orchestrator" time="15.14"/>
  <testcase classname="test_class.Put_tc1" name="orchestrator" time="1.135"/>
  <testcase classname="test_class.Post_tc1" name="orchestrator" time="4.964"/>
  <testcase classname="test_class.Patch_tc1" name="orchestrator" time="1.075"/>
</testsuite> <!-- Default test -->
