<?xml version="1.0" encoding="UTF-8"?>
<testng-results ignored="0" total="4" passed="4" failed="0" skipped="0">
  <reporter-output>
  </reporter-output>
  <suite started-at="2023-04-06T23:31:25 IST" name="Default suite" finished-at="2023-04-06T23:31:48 IST" duration-ms="22979">
    <groups>
    </groups>
    <test started-at="2023-04-06T23:31:25 IST" name="Default test" finished-at="2023-04-06T23:31:48 IST" duration-ms="22979">
      <class name="test_class.Post_tc1">
        <test-method signature="orchestrator()[pri:0, instance:test_class.Post_tc1@45a37759]" started-at="2023-04-06T23:31:41 IST" name="orchestrator" finished-at="2023-04-06T23:31:46 IST" duration-ms="4964" status="PASS">
          <reporter-output>
          </reporter-output>
        </test-method> <!-- orchestrator -->
      </class> <!-- test_class.Post_tc1 -->
      <class name="test_class.Put_tc1">
        <test-method signature="orchestrator()[pri:0, instance:test_class.Put_tc1@54eb2b70]" started-at="2023-04-06T23:31:40 IST" name="orchestrator" finished-at="2023-04-06T23:31:41 IST" duration-ms="1135" status="PASS">
          <reporter-output>
          </reporter-output>
        </test-method> <!-- orchestrator -->
      </class> <!-- test_class.Put_tc1 -->
      <class name="test_class.Patch_tc1">
        <test-method signature="orchestrator()[pri:0, instance:test_class.Patch_tc1@63611043]" started-at="2023-04-06T23:31:46 IST" name="orchestrator" finished-at="2023-04-06T23:31:47 IST" duration-ms="1075" status="PASS">
          <reporter-output>
          </reporter-output>
        </test-method> <!-- orchestrator -->
      </class> <!-- test_class.Patch_tc1 -->
      <class name="test_class.Get_tc1">
        <test-method signature="orchestrator()[pri:0, instance:test_class.Get_tc1@59cba5a]" started-at="2023-04-06T23:31:25 IST" name="orchestrator" finished-at="2023-04-06T23:31:40 IST" duration-ms="15140" status="PASS">
          <reporter-output>
          </reporter-output>
        </test-method> <!-- orchestrator -->
      </class> <!-- test_class.Get_tc1 -->
    </test> <!-- Default test -->
  </suite> <!-- Default suite -->
</testng-results>
